\BOOKMARK [0][-]{section*.1}{\376\377\116\055\145\207\144\130\211\201}{}% 1
\BOOKMARK [0][-]{section*.2}{\376\377\000A\000b\000s\000t\000r\000a\000c\000t}{}% 2
\BOOKMARK [0][-]{section*.3}{\376\377\212\214\213\035}{}% 3
\BOOKMARK [0][-]{section*.4}{\376\377\166\356\223\004}{}% 4
\BOOKMARK [0][-]{section*.6}{\376\377\210\150\166\356\223\004}{}% 5
\BOOKMARK [0][-]{section*.8}{\376\377\127\026\166\356\223\004}{}% 6
\BOOKMARK [0][-]{section*.11}{\376\377\173\046\206\137\212\252\146\016}{}% 7
\BOOKMARK [0][-]{chapter.1}{\376\377\175\322\212\326}{}% 8
\BOOKMARK [1][-]{section.1.1}{\376\377\170\024\172\166\122\325\152\137}{chapter.1}% 9
\BOOKMARK [1][-]{section.1.2}{\376\377\000X\000X\000X\000X\000X\000X\000X\000X\000X\000X\000X\000X\000X\000X\000X\000X\000X\000X\000X\000X\000X\000X\000X\000X\000X\000X\145\207\163\173\126\336\230\147}{chapter.1}% 10
\BOOKMARK [1][-]{section.1.3}{\376\377\147\054\145\207\175\120\151\313}{chapter.1}% 11
\BOOKMARK [0][-]{chapter.2}{\376\377\145\207\163\173\126\336\230\147}{}% 12
\BOOKMARK [1][-]{section.2.1}{\376\377\212\236\227\363\124\010\142\020\142\200\210\123}{chapter.2}% 13
\BOOKMARK [2][-]{subsection.2.1.1}{\376\377\000T\000a\000c\000o\000t\000r\000o\000n}{section.2.1}% 14
\BOOKMARK [2][-]{subsection.2.1.2}{\376\377\000M\000e\000t\000a\000-\000T\000T\000S}{section.2.1}% 15
\BOOKMARK [2][-]{subsection.2.1.3}{\376\377\000I\000n\000d\000e\000x\000T\000T\000S\0002}{section.2.1}% 16
\BOOKMARK [1][-]{section.2.2}{\376\377\060\014\230\020\212\023\175\364\040\024\137\256\212\277\060\015\173\304\137\017\116\013\116\113\116\343\210\150\140\047\152\041\127\213\000\040\000\050\000R\000e\000p\000r\000e\000s\000e\000n\000t\000a\000t\000i\000v\000e\000\040\000M\000o\000d\000e\000l\000s\000\040\000u\000n\000d\000e\000r\000\040\000t\000h\000e\000\040\000P\000r\000e\000-\000t\000r\000a\000i\000n\000,\000\040\000F\000i\000n\000e\000-\000t\000u\000n\000e\000\040\000P\000a\000r\000a\000d\000i\000g\000m\000\051}{chapter.2}% 17
\BOOKMARK [2][-]{subsection.2.2.1}{\376\377\000A\000A\000S\000I\000S\000T\152\041\127\213}{section.2.2}% 18
\BOOKMARK [2][-]{subsection.2.2.2}{\376\377\000M\000F\000A\000-\000C\000o\000n\000f\000o\000r\000m\000e\000r\000\040\000\050\000C\000o\000n\000f\000o\000r\000m\000e\000r\000\040\000w\000i\000t\000h\000\040\000T\000r\000a\000n\000s\000f\000e\000r\000\040\000L\000e\000a\000r\000n\000i\000n\000g\000\051}{section.2.2}% 19
\BOOKMARK [1][-]{section.2.3}{\376\377\000P\000r\000o\000m\000p\000t\000i\000n\000g\000\040\000P\000a\000r\000a\000d\000i\000g\000m}{chapter.2}% 20
\BOOKMARK [2][-]{subsection.2.3.1}{\376\377\000G\000S\000L\000M}{section.2.3}% 21
\BOOKMARK [2][-]{subsection.2.3.2}{\376\377\000S\000p\000e\000e\000c\000h\000P\000r\000o\000m\000p\000t\000\040\147\266\151\313}{section.2.3}% 22
\BOOKMARK [2][-]{subsection.2.3.3}{\376\377\152\041\127\213\153\324\217\003\202\007\147\054\212\010\165\153\133\232\117\115}{section.2.3}% 23
\BOOKMARK [0][-]{chapter.3}{\376\377\133\346\232\127\175\120\147\234}{}% 24
\BOOKMARK [1][-]{section.3.1}{\376\377\133\346\232\127\214\307\145\231\226\306\202\007\212\125\117\060\143\007\152\031}{chapter.3}% 25
\BOOKMARK [2][-]{subsection.3.1.1}{\376\377\212\023\175\364\202\007\156\054\212\146\214\307\145\231\226\306}{section.3.1}% 26
\BOOKMARK [2][-]{subsection.3.1.2}{\376\377\212\125\117\060\143\007\152\031}{section.3.1}% 27
\BOOKMARK [1][-]{section.3.2}{\376\377\152\041\127\213\221\115\177\156\202\007\123\303\145\170\212\055\133\232}{chapter.3}% 28
\BOOKMARK [2][-]{subsection.3.2.1}{\376\377\170\154\232\324\164\260\130\203\202\007\133\346\232\127\143\247\122\066}{section.3.2}% 29
\BOOKMARK [2][-]{subsection.3.2.2}{\376\377\152\041\127\213\133\346\117\134\175\060\173\300}{section.3.2}% 30
\BOOKMARK [1][-]{section.3.3}{\376\377\215\350\214\307\145\231\226\306\212\023\175\364\156\226\170\272\136\246\153\324\217\003}{chapter.3}% 31
\BOOKMARK [2][-]{subsection.3.3.1}{\376\377\127\372\156\226\156\054\212\146\202\007\212\012\206\137\134\144\175\032\162\171\137\265\166\204\221\315\211\201\140\047}{section.3.3}% 32
\BOOKMARK [2][-]{subsection.3.3.2}{\376\377\167\037\133\346\130\064\146\157\116\013\166\204\154\333\123\026\200\375\122\233\202\007\165\160\136\070\210\150\163\376}{section.3.3}% 33
\BOOKMARK [2][-]{subsection.3.3.3}{\376\377\000M\000L\000A\000A\000D\000\040\214\307\145\231\226\306\166\204\151\165\172\357\123\315\135\356\202\007\162\171\137\265\153\170\126\340}{section.3.3}% 34
\BOOKMARK [2][-]{subsection.3.3.4}{\376\377\000M\000F\000A\000-\000C\000o\000n\000f\000o\000r\000m\000e\000r\210\150\163\376}{section.3.3}% 35
\BOOKMARK [1][-]{section.3.4}{\376\377\000S\000p\000e\000e\000c\000h\000P\000r\000o\000m\000p\000t\000\040\147\266\151\313\145\110\200\375\122\006\147\220}{chapter.3}% 36
\BOOKMARK [2][-]{subsection.3.4.1}{\376\377\000P\000r\000o\000m\000p\000t\000\040\000T\000u\000n\000i\000n\000g\000\040\202\007\000\040\000F\000u\000l\000l\000\040\000F\000i\000n\000e\000-\000T\000u\000n\000i\000n\000g\000\040\116\113\153\324\217\003}{section.3.4}% 37
\BOOKMARK [2][-]{subsection.3.4.2}{\376\377\216\337\140\047\226\342\145\143\162\171\137\265\217\070\121\145\000\040\000\050\000S\000o\000f\000t\000\040\000D\000i\000s\000c\000r\000e\000t\000e\000\040\000F\000e\000a\000t\000u\000r\000e\000s\000\051}{section.3.4}% 38
\BOOKMARK [1][-]{section.3.5}{\376\377\000M\000F\000A\000-\000C\000o\000n\000f\000o\000r\000m\000e\000r\000\040\147\266\151\313\145\110\200\375\202\007\230\073\213\134\162\171\137\265\122\006\147\220}{chapter.3}% 39
\BOOKMARK [2][-]{subsection.3.5.1}{\376\377\230\020\212\023\175\364\152\041\127\213\211\217\152\041\116\113\137\161\227\377}{section.3.5}% 40
\BOOKMARK [2][-]{subsection.3.5.2}{\376\377\137\214\172\357\122\006\230\136\126\150\147\266\151\313\116\113\145\071\202\157}{section.3.5}% 41
\BOOKMARK [2][-]{subsection.3.5.3}{\376\377\134\017\175\120\377\032\230\020\212\023\175\364\173\304\137\017\202\007\162\171\137\265\210\150\137\265\200\375\122\233\166\204\175\234\124\010\137\161\227\377}{section.3.5}% 42
\BOOKMARK [1][-]{section.3.6}{\376\377\220\113\173\227\214\307\156\220\202\007\123\303\145\170\145\110\163\207\122\006\147\220}{chapter.3}% 43
\BOOKMARK [2][-]{subsection.3.6.1}{\376\377\123\357\212\023\175\364\123\303\145\170\221\317\153\324\217\003}{section.3.6}% 44
\BOOKMARK [2][-]{subsection.3.6.2}{\376\377\212\023\175\364\146\102\225\223\142\020\147\054\122\006\147\220}{section.3.6}% 45
\BOOKMARK [0][-]{chapter.4}{\376\377\122\115\172\357\141\311\165\050}{}% 46
\BOOKMARK [1][-]{section.4.1}{\376\377\174\373\175\161\147\266\151\313\202\007\212\055\212\010\166\356\152\031}{chapter.4}% 47
\BOOKMARK [1][-]{section.4.2}{\376\377\116\313\227\142\122\237\200\375\202\007\152\041\175\104\212\252\146\016}{chapter.4}% 48
\BOOKMARK [2][-]{subsection.4.2.1}{\376\377\212\236\227\363\217\070\121\145}{section.4.2}% 49
\BOOKMARK [2][-]{subsection.4.2.2}{\376\377\227\363\212\012\165\037\142\020\202\007\120\175\220\040}{section.4.2}% 50
\BOOKMARK [2][-]{subsection.4.2.3}{\376\377\120\165\156\054\150\070\137\303\202\007\145\110\200\375\124\110\163\376}{section.4.2}% 51
\BOOKMARK [1][-]{section.4.3}{\376\377\137\214\172\357\143\250\212\326\155\101\172\013\202\007\152\041\127\213\121\052\123\026}{chapter.4}% 52
\BOOKMARK [0][-]{chapter.5}{\376\377\175\120\147\234\123\312\212\016\212\326}{}% 53
\BOOKMARK [1][-]{section.5.1}{}{chapter.5}% 54
\BOOKMARK [1][-]{section.5.2}{}{chapter.5}% 55
\BOOKMARK [2][-]{subsection.5.2.1}{}{section.5.2}% 56
\BOOKMARK [1][-]{section.5.3}{}{chapter.5}% 57
\BOOKMARK [2][-]{subsection.5.3.1}{}{section.5.3}% 58
\BOOKMARK [2][-]{subsection.5.3.2}{}{section.5.3}% 59
\BOOKMARK [0][-]{chapter.6}{\376\377\136\372\213\160\202\007\147\052\117\206\134\125\147\033}{}% 60
\BOOKMARK [1][-]{section.6.1}{}{chapter.6}% 61
\BOOKMARK [1][-]{section.6.2}{}{chapter.6}% 62
\BOOKMARK [2][-]{subsection.6.2.1}{}{section.6.2}% 63
\BOOKMARK [1][-]{section.6.3}{}{chapter.6}% 64
\BOOKMARK [2][-]{subsection.6.3.1}{}{section.6.3}% 65
\BOOKMARK [2][-]{subsection.6.3.2}{}{section.6.3}% 66
\BOOKMARK [0][-]{section*.27}{\376\377\123\303\200\003\145\207\163\173}{}% 67
